[0827/224533.895:ERROR:process_reader_win.cc(151)] SuspendThread: 存取被拒。 (0x5)
[0827/224533.897:ERROR:process_reader_win.cc(151)] SuspendThread: 存取被拒。 (0x5)
[0827/224533.897:ERROR:process_reader_win.cc(123)] NtOpenThread: {拒絕存取} 程序已請求存取一物件，但未被授與存取權。 (0xc0000022)
[0827/224533.902:ERROR:exception_snapshot_win.cc(98)] thread ID 17896 not found in process
[0827/224533.917:ERROR:process_reader_win.cc(151)] SuspendThread: 存取被拒。 (0x5)
[0827/224533.917:ERROR:process_reader_win.cc(123)] NtOpenThread: {拒絕存取} 程序已請求存取一物件，但未被授與存取權。 (0xc0000022)
[0827/224533.917:ERROR:exception_snapshot_win.cc(98)] thread ID 6424 not found in process
[0827/224534.289:ERROR:process_reader_win.cc(151)] SuspendThread: 存取被拒。 (0x5)
[0827/224534.289:ERROR:process_reader_win.cc(151)] SuspendThread: 存取被拒。 (0x5)
[0827/224534.289:ERROR:process_reader_win.cc(151)] SuspendThread: 存取被拒。 (0x5)
[0827/224534.289:ERROR:process_reader_win.cc(151)] SuspendThread: 存取被拒。 (0x5)
[0827/224534.289:ERROR:process_reader_win.cc(151)] SuspendThread: 存取被拒。 (0x5)
[0827/224534.289:ERROR:process_reader_win.cc(151)] SuspendThread: 存取被拒。 (0x5)
[0827/224534.289:ERROR:process_reader_win.cc(151)] SuspendThread: 存取被拒。 (0x5)
[0827/224534.289:ERROR:process_reader_win.cc(151)] SuspendThread: 存取被拒。 (0x5)
[0827/224534.289:ERROR:process_reader_win.cc(151)] SuspendThread: 存取被拒。 (0x5)
[0827/224534.289:ERROR:process_reader_win.cc(151)] SuspendThread: 存取被拒。 (0x5)
[0827/224534.289:ERROR:process_reader_win.cc(123)] NtOpenThread: {拒絕存取} 程序已請求存取一物件，但未被授與存取權。 (0xc0000022)
[0827/224534.290:ERROR:exception_snapshot_win.cc(98)] thread ID 15760 not found in process
[0827/224534.664:ERROR:process_reader_win.cc(151)] SuspendThread: 存取被拒。 (0x5)
[0827/224534.664:ERROR:process_reader_win.cc(151)] SuspendThread: 存取被拒。 (0x5)
[0827/224534.664:ERROR:process_reader_win.cc(151)] SuspendThread: 存取被拒。 (0x5)
[0827/224534.664:ERROR:process_reader_win.cc(151)] SuspendThread: 存取被拒。 (0x5)
[0827/224534.664:ERROR:process_reader_win.cc(151)] SuspendThread: 存取被拒。 (0x5)
[0827/224534.664:ERROR:process_reader_win.cc(151)] SuspendThread: 存取被拒。 (0x5)
[0827/224534.664:ERROR:process_reader_win.cc(151)] SuspendThread: 存取被拒。 (0x5)
[0827/224534.664:ERROR:process_reader_win.cc(151)] SuspendThread: 存取被拒。 (0x5)
[0827/224534.664:ERROR:process_reader_win.cc(151)] SuspendThread: 存取被拒。 (0x5)
[0827/224534.664:ERROR:process_reader_win.cc(151)] SuspendThread: 存取被拒。 (0x5)
[0827/224534.664:ERROR:process_reader_win.cc(151)] SuspendThread: 存取被拒。 (0x5)
[0827/224534.664:ERROR:process_reader_win.cc(123)] NtOpenThread: {拒絕存取} 程序已請求存取一物件，但未被授與存取權。 (0xc0000022)
[0827/224534.664:ERROR:exception_snapshot_win.cc(98)] thread ID 12244 not found in process
[0827/224534.891:ERROR:process_reader_win.cc(151)] SuspendThread: 存取被拒。 (0x5)
[0827/224534.891:ERROR:process_reader_win.cc(151)] SuspendThread: 存取被拒。 (0x5)
[0827/224534.891:ERROR:process_reader_win.cc(151)] SuspendThread: 存取被拒。 (0x5)
[0827/224534.891:ERROR:process_reader_win.cc(151)] SuspendThread: 存取被拒。 (0x5)
[0827/224534.891:ERROR:process_reader_win.cc(151)] SuspendThread: 存取被拒。 (0x5)
[0827/224534.891:ERROR:process_reader_win.cc(151)] SuspendThread: 存取被拒。 (0x5)
[0827/224534.891:ERROR:process_reader_win.cc(151)] SuspendThread: 存取被拒。 (0x5)
[0827/224534.891:ERROR:process_reader_win.cc(151)] SuspendThread: 存取被拒。 (0x5)
[0827/224534.891:ERROR:process_reader_win.cc(151)] SuspendThread: 存取被拒。 (0x5)
[0827/224534.891:ERROR:process_reader_win.cc(151)] SuspendThread: 存取被拒。 (0x5)
[0827/224534.891:ERROR:process_reader_win.cc(151)] SuspendThread: 存取被拒。 (0x5)
[0827/224534.891:ERROR:process_reader_win.cc(151)] SuspendThread: 存取被拒。 (0x5)
[0827/224534.891:ERROR:process_reader_win.cc(151)] SuspendThread: 存取被拒。 (0x5)
[0827/224534.891:ERROR:process_reader_win.cc(151)] SuspendThread: 存取被拒。 (0x5)
[0827/224534.891:ERROR:process_reader_win.cc(151)] SuspendThread: 存取被拒。 (0x5)
[0827/224534.891:ERROR:process_reader_win.cc(151)] SuspendThread: 存取被拒。 (0x5)
[0827/224534.891:ERROR:process_reader_win.cc(123)] NtOpenThread: {拒絕存取} 程序已請求存取一物件，但未被授與存取權。 (0xc0000022)
[0827/224534.891:ERROR:exception_snapshot_win.cc(98)] thread ID 16084 not found in process
[0827/224534.928:ERROR:process_reader_win.cc(151)] SuspendThread: 存取被拒。 (0x5)
[0827/224534.928:ERROR:process_reader_win.cc(151)] SuspendThread: 存取被拒。 (0x5)
[0827/224534.928:ERROR:process_reader_win.cc(151)] SuspendThread: 存取被拒。 (0x5)
[0827/224534.928:ERROR:process_reader_win.cc(151)] SuspendThread: 存取被拒。 (0x5)
[0827/224534.928:ERROR:process_reader_win.cc(151)] SuspendThread: 存取被拒。 (0x5)
[0827/224534.928:ERROR:process_reader_win.cc(151)] SuspendThread: 存取被拒。 (0x5)
[0827/224534.928:ERROR:process_reader_win.cc(151)] SuspendThread: 存取被拒。 (0x5)
[0827/224534.928:ERROR:process_reader_win.cc(151)] SuspendThread: 存取被拒。 (0x5)
[0827/224534.928:ERROR:process_reader_win.cc(151)] SuspendThread: 存取被拒。 (0x5)
[0827/224534.928:ERROR:process_reader_win.cc(151)] SuspendThread: 存取被拒。 (0x5)
[0827/224534.928:ERROR:process_reader_win.cc(151)] SuspendThread: 存取被拒。 (0x5)
[0827/224534.928:ERROR:process_reader_win.cc(151)] SuspendThread: 存取被拒。 (0x5)
[0827/224534.928:ERROR:process_reader_win.cc(123)] NtOpenThread: {拒絕存取} 程序已請求存取一物件，但未被授與存取權。 (0xc0000022)
[0827/224534.928:ERROR:exception_snapshot_win.cc(98)] thread ID 9380 not found in process
[0830/120557.072:ERROR:process_reader_win.cc(151)] SuspendThread: 存取被拒。 (0x5)
[0830/120557.074:ERROR:process_reader_win.cc(151)] SuspendThread: 存取被拒。 (0x5)
[0830/120557.074:ERROR:process_reader_win.cc(151)] SuspendThread: 存取被拒。 (0x5)
[0830/120557.074:ERROR:process_reader_win.cc(151)] SuspendThread: 存取被拒。 (0x5)
[0830/120557.074:ERROR:process_reader_win.cc(151)] SuspendThread: 存取被拒。 (0x5)
[0830/120557.074:ERROR:process_reader_win.cc(151)] SuspendThread: 存取被拒。 (0x5)
[0830/120557.074:ERROR:process_reader_win.cc(151)] SuspendThread: 存取被拒。 (0x5)
[0830/120557.074:ERROR:process_reader_win.cc(151)] SuspendThread: 存取被拒。 (0x5)
[0830/120557.074:ERROR:process_reader_win.cc(151)] SuspendThread: 存取被拒。 (0x5)
[0830/120557.074:ERROR:process_reader_win.cc(151)] SuspendThread: 存取被拒。 (0x5)
[0830/120557.074:ERROR:process_reader_win.cc(151)] SuspendThread: 存取被拒。 (0x5)
[0830/120557.074:ERROR:process_reader_win.cc(151)] SuspendThread: 存取被拒。 (0x5)
[0830/120557.074:ERROR:process_reader_win.cc(151)] SuspendThread: 存取被拒。 (0x5)
[0830/120557.074:ERROR:process_reader_win.cc(151)] SuspendThread: 存取被拒。 (0x5)
[0830/120557.074:ERROR:process_reader_win.cc(123)] NtOpenThread: {拒絕存取} 程序已請求存取一物件，但未被授與存取權。 (0xc0000022)
[0830/120557.075:ERROR:exception_snapshot_win.cc(98)] thread ID 10664 not found in process
[0830/120557.079:ERROR:process_reader_win.cc(151)] SuspendThread: 存取被拒。 (0x5)
[0830/120557.079:ERROR:process_reader_win.cc(151)] SuspendThread: 存取被拒。 (0x5)
[0830/120557.079:ERROR:process_reader_win.cc(151)] SuspendThread: 存取被拒。 (0x5)
[0830/120557.079:ERROR:process_reader_win.cc(151)] SuspendThread: 存取被拒。 (0x5)
[0830/120557.079:ERROR:process_reader_win.cc(151)] SuspendThread: 存取被拒。 (0x5)
[0830/120557.079:ERROR:process_reader_win.cc(151)] SuspendThread: 存取被拒。 (0x5)
[0830/120557.079:ERROR:process_reader_win.cc(151)] SuspendThread: 存取被拒。 (0x5)
[0830/120557.079:ERROR:process_reader_win.cc(151)] SuspendThread: 存取被拒。 (0x5)
[0830/120557.079:ERROR:process_reader_win.cc(151)] SuspendThread: 存取被拒。 (0x5)
[0830/120557.079:ERROR:process_reader_win.cc(151)] SuspendThread: 存取被拒。 (0x5)
[0830/120557.079:ERROR:process_reader_win.cc(151)] SuspendThread: 存取被拒。 (0x5)
[0830/120557.079:ERROR:process_reader_win.cc(151)] SuspendThread: 存取被拒。 (0x5)
[0830/120557.079:ERROR:process_reader_win.cc(151)] SuspendThread: 存取被拒。 (0x5)
[0830/120557.079:ERROR:process_reader_win.cc(151)] SuspendThread: 存取被拒。 (0x5)
[0830/120557.079:ERROR:process_reader_win.cc(151)] SuspendThread: 存取被拒。 (0x5)
[0830/120557.079:ERROR:process_reader_win.cc(123)] NtOpenThread: {拒絕存取} 程序已請求存取一物件，但未被授與存取權。 (0xc0000022)
[0830/120557.079:ERROR:exception_snapshot_win.cc(98)] thread ID 2768 not found in process
[0830/120557.098:ERROR:process_reader_win.cc(151)] SuspendThread: 存取被拒。 (0x5)
[0830/120557.098:ERROR:process_reader_win.cc(151)] SuspendThread: 存取被拒。 (0x5)
[0830/120557.098:ERROR:process_reader_win.cc(151)] SuspendThread: 存取被拒。 (0x5)
[0830/120557.098:ERROR:process_reader_win.cc(151)] SuspendThread: 存取被拒。 (0x5)
[0830/120557.098:ERROR:process_reader_win.cc(151)] SuspendThread: 存取被拒。 (0x5)
[0830/120557.098:ERROR:process_reader_win.cc(151)] SuspendThread: 存取被拒。 (0x5)
[0830/120557.098:ERROR:process_reader_win.cc(151)] SuspendThread: 存取被拒。 (0x5)
[0830/120557.098:ERROR:process_reader_win.cc(151)] SuspendThread: 存取被拒。 (0x5)
[0830/120557.098:ERROR:process_reader_win.cc(151)] SuspendThread: 存取被拒。 (0x5)
[0830/120557.098:ERROR:process_reader_win.cc(151)] SuspendThread: 存取被拒。 (0x5)
[0830/120557.098:ERROR:process_reader_win.cc(151)] SuspendThread: 存取被拒。 (0x5)
[0830/120557.098:ERROR:process_reader_win.cc(151)] SuspendThread: 存取被拒。 (0x5)
[0830/120557.099:ERROR:process_reader_win.cc(151)] SuspendThread: 存取被拒。 (0x5)
[0830/120557.099:ERROR:process_reader_win.cc(151)] SuspendThread: 存取被拒。 (0x5)
[0830/120557.099:ERROR:process_reader_win.cc(123)] NtOpenThread: {拒絕存取} 程序已請求存取一物件，但未被授與存取權。 (0xc0000022)
[0830/120557.099:ERROR:exception_snapshot_win.cc(98)] thread ID 5868 not found in process
[0830/120557.160:ERROR:process_reader_win.cc(151)] SuspendThread: 存取被拒。 (0x5)
[0830/120557.160:ERROR:process_reader_win.cc(151)] SuspendThread: 存取被拒。 (0x5)
[0830/120557.160:ERROR:process_reader_win.cc(151)] SuspendThread: 存取被拒。 (0x5)
[0830/120557.160:ERROR:process_reader_win.cc(151)] SuspendThread: 存取被拒。 (0x5)
[0830/120557.160:ERROR:process_reader_win.cc(151)] SuspendThread: 存取被拒。 (0x5)
[0830/120557.160:ERROR:process_reader_win.cc(151)] SuspendThread: 存取被拒。 (0x5)
[0830/120557.160:ERROR:process_reader_win.cc(151)] SuspendThread: 存取被拒。 (0x5)
[0830/120557.160:ERROR:process_reader_win.cc(151)] SuspendThread: 存取被拒。 (0x5)
[0830/120557.160:ERROR:process_reader_win.cc(151)] SuspendThread: 存取被拒。 (0x5)
[0830/120557.160:ERROR:process_reader_win.cc(151)] SuspendThread: 存取被拒。 (0x5)
[0830/120557.160:ERROR:process_reader_win.cc(151)] SuspendThread: 存取被拒。 (0x5)
[0830/120557.160:ERROR:process_reader_win.cc(151)] SuspendThread: 存取被拒。 (0x5)
[0830/120557.160:ERROR:process_reader_win.cc(151)] SuspendThread: 存取被拒。 (0x5)
[0830/120557.160:ERROR:process_reader_win.cc(151)] SuspendThread: 存取被拒。 (0x5)
[0830/120557.160:ERROR:process_reader_win.cc(123)] NtOpenThread: {拒絕存取} 程序已請求存取一物件，但未被授與存取權。 (0xc0000022)
[0830/120557.161:ERROR:exception_snapshot_win.cc(98)] thread ID 17632 not found in process
[0830/120557.166:ERROR:process_reader_win.cc(151)] SuspendThread: 存取被拒。 (0x5)
[0830/120557.166:ERROR:process_reader_win.cc(151)] SuspendThread: 存取被拒。 (0x5)
[0830/120557.166:ERROR:process_reader_win.cc(151)] SuspendThread: 存取被拒。 (0x5)
[0830/120557.167:ERROR:process_reader_win.cc(151)] SuspendThread: 存取被拒。 (0x5)
[0830/120557.167:ERROR:process_reader_win.cc(151)] SuspendThread: 存取被拒。 (0x5)
[0830/120557.167:ERROR:process_reader_win.cc(151)] SuspendThread: 存取被拒。 (0x5)
[0830/120557.167:ERROR:process_reader_win.cc(151)] SuspendThread: 存取被拒。 (0x5)
[0830/120557.167:ERROR:process_reader_win.cc(151)] SuspendThread: 存取被拒。 (0x5)
[0830/120557.167:ERROR:process_reader_win.cc(151)] SuspendThread: 存取被拒。 (0x5)
[0830/120557.167:ERROR:process_reader_win.cc(151)] SuspendThread: 存取被拒。 (0x5)
[0830/120557.168:ERROR:process_reader_win.cc(151)] SuspendThread: 存取被拒。 (0x5)
[0830/120557.168:ERROR:process_reader_win.cc(151)] SuspendThread: 存取被拒。 (0x5)
[0830/120557.168:ERROR:process_reader_win.cc(151)] SuspendThread: 存取被拒。 (0x5)
[0830/120557.168:ERROR:process_reader_win.cc(151)] SuspendThread: 存取被拒。 (0x5)
[0830/120557.168:ERROR:process_reader_win.cc(151)] SuspendThread: 存取被拒。 (0x5)
[0830/120557.168:ERROR:process_reader_win.cc(123)] NtOpenThread: {拒絕存取} 程序已請求存取一物件，但未被授與存取權。 (0xc0000022)
[0830/120557.168:ERROR:exception_snapshot_win.cc(98)] thread ID 15116 not found in process
[0831/215859.146:ERROR:process_reader_win.cc(151)] SuspendThread: 存取被拒。 (0x5)
[0831/215859.154:ERROR:process_reader_win.cc(151)] SuspendThread: 存取被拒。 (0x5)
[0831/215859.146:ERROR:process_reader_win.cc(151)] SuspendThread: 存取被拒。 (0x5)
[0831/215859.154:ERROR:process_reader_win.cc(151)] SuspendThread: 存取被拒。 (0x5)
[0831/215859.154:ERROR:process_reader_win.cc(151)] SuspendThread: 存取被拒。 (0x5)
[0831/215859.154:ERROR:process_reader_win.cc(151)] SuspendThread: 存取被拒。 (0x5)
[0831/215859.154:ERROR:process_reader_win.cc(151)] SuspendThread: 存取被拒。 (0x5)
[0831/215859.154:ERROR:process_reader_win.cc(151)] SuspendThread: 存取被拒。 (0x5)
[0831/215859.154:ERROR:process_reader_win.cc(151)] SuspendThread: 存取被拒。 (0x5)
[0831/215859.154:ERROR:process_reader_win.cc(151)] SuspendThread: 存取被拒。 (0x5)
[0831/215859.154:ERROR:process_reader_win.cc(151)] SuspendThread: 存取被拒。 (0x5)
[0831/215859.154:ERROR:process_reader_win.cc(151)] SuspendThread: 存取被拒。 (0x5)
[0831/215859.154:ERROR:process_reader_win.cc(151)] SuspendThread: 存取被拒。 (0x5)
[0831/215859.154:ERROR:process_reader_win.cc(151)] SuspendThread: 存取被拒。 (0x5)
[0831/215859.154:ERROR:process_reader_win.cc(151)] SuspendThread: 存取被拒。 (0x5)
[0831/215859.154:ERROR:process_reader_win.cc(151)] SuspendThread: 存取被拒。 (0x5)
[0831/215859.154:ERROR:process_reader_win.cc(151)] SuspendThread: 存取被拒。 (0x5)
[0831/215859.154:ERROR:process_reader_win.cc(151)] SuspendThread: 存取被拒。 (0x5)
[0831/215859.154:ERROR:process_reader_win.cc(151)] SuspendThread: 存取被拒。 (0x5)
[0831/215859.154:ERROR:process_reader_win.cc(123)] NtOpenThread: {拒絕存取} 程序已請求存取一物件，但未被授與存取權。 (0xc0000022)
[0831/215859.154:ERROR:process_reader_win.cc(123)] NtOpenThread: {拒絕存取} 程序已請求存取一物件，但未被授與存取權。 (0xc0000022)
[0831/215859.154:ERROR:process_reader_win.cc(123)] NtOpenThread: {拒絕存取} 程序已請求存取一物件，但未被授與存取權。 (0xc0000022)
[0831/215859.154:ERROR:exception_snapshot_win.cc(98)] thread ID 15624 not found in process
[0831/215859.154:ERROR:exception_snapshot_win.cc(98)] thread ID 8372 not found in process
[0831/215859.154:ERROR:exception_snapshot_win.cc(98)] thread ID 17580 not found in process
[0831/215859.184:ERROR:process_reader_win.cc(151)] SuspendThread: 存取被拒。 (0x5)
[0831/215859.184:ERROR:process_reader_win.cc(151)] SuspendThread: 存取被拒。 (0x5)
[0831/215859.184:ERROR:process_reader_win.cc(151)] SuspendThread: 存取被拒。 (0x5)
[0831/215859.184:ERROR:process_reader_win.cc(151)] SuspendThread: 存取被拒。 (0x5)
[0831/215859.184:ERROR:process_reader_win.cc(151)] SuspendThread: 存取被拒。 (0x5)
[0831/215859.184:ERROR:process_reader_win.cc(151)] SuspendThread: 存取被拒。 (0x5)
[0831/215859.184:ERROR:process_reader_win.cc(151)] SuspendThread: 存取被拒。 (0x5)
[0831/215859.184:ERROR:process_reader_win.cc(151)] SuspendThread: 存取被拒。 (0x5)
[0831/215859.184:ERROR:process_reader_win.cc(151)] SuspendThread: 存取被拒。 (0x5)
[0831/215859.184:ERROR:process_reader_win.cc(151)] SuspendThread: 存取被拒。 (0x5)
[0831/215859.184:ERROR:process_reader_win.cc(151)] SuspendThread: 存取被拒。 (0x5)
[0831/215859.184:ERROR:process_reader_win.cc(151)] SuspendThread: 存取被拒。 (0x5)
[0831/215859.184:ERROR:process_reader_win.cc(151)] SuspendThread: 存取被拒。 (0x5)
[0831/215859.184:ERROR:process_reader_win.cc(151)] SuspendThread: 存取被拒。 (0x5)
[0831/215859.184:ERROR:process_reader_win.cc(151)] SuspendThread: 存取被拒。 (0x5)
[0831/215859.184:ERROR:process_reader_win.cc(123)] NtOpenThread: {拒絕存取} 程序已請求存取一物件，但未被授與存取權。 (0xc0000022)
[0831/215859.184:ERROR:exception_snapshot_win.cc(98)] thread ID 15912 not found in process
[0831/215859.184:ERROR:process_reader_win.cc(151)] SuspendThread: 存取被拒。 (0x5)
[0831/215859.184:ERROR:process_reader_win.cc(151)] SuspendThread: 存取被拒。 (0x5)
[0831/215859.184:ERROR:process_reader_win.cc(151)] SuspendThread: 存取被拒。 (0x5)
[0831/215859.184:ERROR:process_reader_win.cc(151)] SuspendThread: 存取被拒。 (0x5)
[0831/215859.184:ERROR:process_reader_win.cc(151)] SuspendThread: 存取被拒。 (0x5)
[0831/215859.184:ERROR:process_reader_win.cc(151)] SuspendThread: 存取被拒。 (0x5)
[0831/215859.184:ERROR:process_reader_win.cc(151)] SuspendThread: 存取被拒。 (0x5)
[0831/215859.184:ERROR:process_reader_win.cc(151)] SuspendThread: 存取被拒。 (0x5)
[0831/215859.184:ERROR:process_reader_win.cc(151)] SuspendThread: 存取被拒。 (0x5)
[0831/215859.184:ERROR:process_reader_win.cc(151)] SuspendThread: 存取被拒。 (0x5)
[0831/215859.184:ERROR:process_reader_win.cc(151)] SuspendThread: 存取被拒。 (0x5)
[0831/215859.184:ERROR:process_reader_win.cc(151)] SuspendThread: 存取被拒。 (0x5)
[0831/215859.184:ERROR:process_reader_win.cc(151)] SuspendThread: 存取被拒。 (0x5)
[0831/215859.184:ERROR:process_reader_win.cc(151)] SuspendThread: 存取被拒。 (0x5)
[0831/215859.184:ERROR:process_reader_win.cc(151)] SuspendThread: 存取被拒。 (0x5)
[0831/215859.184:ERROR:process_reader_win.cc(123)] NtOpenThread: {拒絕存取} 程序已請求存取一物件，但未被授與存取權。 (0xc0000022)
[0831/215859.184:ERROR:exception_snapshot_win.cc(98)] thread ID 18224 not found in process
[0831/215859.186:ERROR:process_reader_win.cc(151)] SuspendThread: 存取被拒。 (0x5)
[0831/215859.186:ERROR:process_reader_win.cc(151)] SuspendThread: 存取被拒。 (0x5)
[0831/215859.186:ERROR:process_reader_win.cc(151)] SuspendThread: 存取被拒。 (0x5)
[0831/215859.186:ERROR:process_reader_win.cc(151)] SuspendThread: 存取被拒。 (0x5)
[0831/215859.186:ERROR:process_reader_win.cc(151)] SuspendThread: 存取被拒。 (0x5)
[0831/215859.186:ERROR:process_reader_win.cc(151)] SuspendThread: 存取被拒。 (0x5)
[0831/215859.186:ERROR:process_reader_win.cc(151)] SuspendThread: 存取被拒。 (0x5)
[0831/215859.186:ERROR:process_reader_win.cc(151)] SuspendThread: 存取被拒。 (0x5)
[0831/215859.186:ERROR:process_reader_win.cc(151)] SuspendThread: 存取被拒。 (0x5)
[0831/215859.186:ERROR:process_reader_win.cc(151)] SuspendThread: 存取被拒。 (0x5)
[0831/215859.186:ERROR:process_reader_win.cc(151)] SuspendThread: 存取被拒。 (0x5)
[0831/215859.186:ERROR:process_reader_win.cc(151)] SuspendThread: 存取被拒。 (0x5)
[0831/215859.186:ERROR:process_reader_win.cc(151)] SuspendThread: 存取被拒。 (0x5)
[0831/215859.186:ERROR:process_reader_win.cc(151)] SuspendThread: 存取被拒。 (0x5)
[0831/215859.186:ERROR:process_reader_win.cc(151)] SuspendThread: 存取被拒。 (0x5)
[0831/215859.186:ERROR:process_reader_win.cc(123)] NtOpenThread: {拒絕存取} 程序已請求存取一物件，但未被授與存取權。 (0xc0000022)
[0831/215859.186:ERROR:exception_snapshot_win.cc(98)] thread ID 8988 not found in process
[0831/215859.206:ERROR:process_reader_win.cc(151)] SuspendThread: 存取被拒。 (0x5)
[0831/215859.206:ERROR:process_reader_win.cc(151)] SuspendThread: 存取被拒。 (0x5)
[0831/215859.206:ERROR:process_reader_win.cc(151)] SuspendThread: 存取被拒。 (0x5)
[0831/215859.206:ERROR:process_reader_win.cc(151)] SuspendThread: 存取被拒。 (0x5)
[0831/215859.206:ERROR:process_reader_win.cc(151)] SuspendThread: 存取被拒。 (0x5)
[0831/215859.206:ERROR:process_reader_win.cc(151)] SuspendThread: 存取被拒。 (0x5)
[0831/215859.206:ERROR:process_reader_win.cc(151)] SuspendThread: 存取被拒。 (0x5)
[0831/215859.206:ERROR:process_reader_win.cc(151)] SuspendThread: 存取被拒。 (0x5)
[0831/215859.206:ERROR:process_reader_win.cc(151)] SuspendThread: 存取被拒。 (0x5)
[0831/215859.206:ERROR:process_reader_win.cc(151)] SuspendThread: 存取被拒。 (0x5)
[0831/215859.206:ERROR:process_reader_win.cc(151)] SuspendThread: 存取被拒。 (0x5)
[0831/215859.206:ERROR:process_reader_win.cc(151)] SuspendThread: 存取被拒。 (0x5)
[0831/215859.206:ERROR:process_reader_win.cc(151)] SuspendThread: 存取被拒。 (0x5)
[0831/215859.206:ERROR:process_reader_win.cc(151)] SuspendThread: 存取被拒。 (0x5)
[0831/215859.206:ERROR:process_reader_win.cc(151)] SuspendThread: 存取被拒。 (0x5)
[0831/215859.206:ERROR:process_reader_win.cc(123)] NtOpenThread: {拒絕存取} 程序已請求存取一物件，但未被授與存取權。 (0xc0000022)
[0831/215859.206:ERROR:exception_snapshot_win.cc(98)] thread ID 13020 not found in process
[0831/215859.214:ERROR:process_reader_win.cc(151)] SuspendThread: 存取被拒。 (0x5)
[0831/215859.216:ERROR:process_reader_win.cc(151)] SuspendThread: 存取被拒。 (0x5)
[0831/215859.216:ERROR:process_reader_win.cc(151)] SuspendThread: 存取被拒。 (0x5)
[0831/215859.216:ERROR:process_reader_win.cc(151)] SuspendThread: 存取被拒。 (0x5)
[0831/215859.216:ERROR:process_reader_win.cc(151)] SuspendThread: 存取被拒。 (0x5)
[0831/215859.216:ERROR:process_reader_win.cc(151)] SuspendThread: 存取被拒。 (0x5)
[0831/215859.216:ERROR:process_reader_win.cc(151)] SuspendThread: 存取被拒。 (0x5)
[0831/215859.216:ERROR:process_reader_win.cc(151)] SuspendThread: 存取被拒。 (0x5)
[0831/215859.216:ERROR:process_reader_win.cc(151)] SuspendThread: 存取被拒。 (0x5)
[0831/215859.216:ERROR:process_reader_win.cc(151)] SuspendThread: 存取被拒。 (0x5)
[0831/215859.216:ERROR:process_reader_win.cc(151)] SuspendThread: 存取被拒。 (0x5)
[0831/215859.216:ERROR:process_reader_win.cc(151)] SuspendThread: 存取被拒。 (0x5)
[0831/215859.216:ERROR:process_reader_win.cc(151)] SuspendThread: 存取被拒。 (0x5)
[0831/215859.216:ERROR:process_reader_win.cc(151)] SuspendThread: 存取被拒。 (0x5)
[0831/215859.216:ERROR:process_reader_win.cc(151)] SuspendThread: 存取被拒。 (0x5)
[0831/215859.216:ERROR:process_reader_win.cc(123)] NtOpenThread: {拒絕存取} 程序已請求存取一物件，但未被授與存取權。 (0xc0000022)
[0831/215859.216:ERROR:exception_snapshot_win.cc(98)] thread ID 9868 not found in process
[0831/215859.216:ERROR:process_reader_win.cc(151)] SuspendThread: 存取被拒。 (0x5)
[0831/215859.216:ERROR:process_reader_win.cc(151)] SuspendThread: 存取被拒。 (0x5)
[0831/215859.216:ERROR:process_reader_win.cc(151)] SuspendThread: 存取被拒。 (0x5)
[0831/215859.216:ERROR:process_reader_win.cc(151)] SuspendThread: 存取被拒。 (0x5)
[0831/215859.216:ERROR:process_reader_win.cc(151)] SuspendThread: 存取被拒。 (0x5)
[0831/215859.216:ERROR:process_reader_win.cc(151)] SuspendThread: 存取被拒。 (0x5)
[0831/215859.216:ERROR:process_reader_win.cc(151)] SuspendThread: 存取被拒。 (0x5)
[0831/215859.216:ERROR:process_reader_win.cc(151)] SuspendThread: 存取被拒。 (0x5)
[0831/215859.216:ERROR:process_reader_win.cc(151)] SuspendThread: 存取被拒。 (0x5)
[0831/215859.216:ERROR:process_reader_win.cc(151)] SuspendThread: 存取被拒。 (0x5)
[0831/215859.216:ERROR:process_reader_win.cc(151)] SuspendThread: 存取被拒。 (0x5)
[0831/215859.216:ERROR:process_reader_win.cc(151)] SuspendThread: 存取被拒。 (0x5)
[0831/215859.216:ERROR:process_reader_win.cc(151)] SuspendThread: 存取被拒。 (0x5)
[0831/215859.216:ERROR:process_reader_win.cc(151)] SuspendThread: 存取被拒。 (0x5)
[0831/215859.216:ERROR:process_reader_win.cc(151)] SuspendThread: 存取被拒。 (0x5)
[0831/215859.216:ERROR:process_reader_win.cc(123)] NtOpenThread: {拒絕存取} 程序已請求存取一物件，但未被授與存取權。 (0xc0000022)
[0831/215859.216:ERROR:exception_snapshot_win.cc(98)] thread ID 3540 not found in process
[0831/215859.236:ERROR:process_reader_win.cc(151)] SuspendThread: 存取被拒。 (0x5)
[0831/215859.236:ERROR:process_reader_win.cc(151)] SuspendThread: 存取被拒。 (0x5)
[0831/215859.236:ERROR:process_reader_win.cc(151)] SuspendThread: 存取被拒。 (0x5)
[0831/215859.236:ERROR:process_reader_win.cc(151)] SuspendThread: 存取被拒。 (0x5)
[0831/215859.236:ERROR:process_reader_win.cc(151)] SuspendThread: 存取被拒。 (0x5)
[0831/215859.236:ERROR:process_reader_win.cc(151)] SuspendThread: 存取被拒。 (0x5)
[0831/215859.236:ERROR:process_reader_win.cc(151)] SuspendThread: 存取被拒。 (0x5)
[0831/215859.236:ERROR:process_reader_win.cc(151)] SuspendThread: 存取被拒。 (0x5)
[0831/215859.236:ERROR:process_reader_win.cc(151)] SuspendThread: 存取被拒。 (0x5)
[0831/215859.236:ERROR:process_reader_win.cc(151)] SuspendThread: 存取被拒。 (0x5)
[0831/215859.236:ERROR:process_reader_win.cc(151)] SuspendThread: 存取被拒。 (0x5)
[0831/215859.236:ERROR:process_reader_win.cc(151)] SuspendThread: 存取被拒。 (0x5)
[0831/215859.236:ERROR:process_reader_win.cc(151)] SuspendThread: 存取被拒。 (0x5)
[0831/215859.236:ERROR:process_reader_win.cc(151)] SuspendThread: 存取被拒。 (0x5)
[0831/215859.236:ERROR:process_reader_win.cc(151)] SuspendThread: 存取被拒。 (0x5)
[0831/215859.236:ERROR:process_reader_win.cc(151)] SuspendThread: 存取被拒。 (0x5)
[0831/215859.236:ERROR:process_reader_win.cc(151)] SuspendThread: 存取被拒。 (0x5)
[0831/215859.236:ERROR:process_reader_win.cc(123)] NtOpenThread: {拒絕存取} 程序已請求存取一物件，但未被授與存取權。 (0xc0000022)
[0831/215859.236:ERROR:exception_snapshot_win.cc(98)] thread ID 10840 not found in process
[0911/090057.299:ERROR:file_io.cc(90)] ReadExactly: expected 1400, observed 0
[0911/090057.300:ERROR:crash_report_database_win.cc(447)] failed to read records
