Arguments: 
  /Users/beck.lin/.nvm/versions/node/v12.16.1/bin/node /Users/beck.lin/.yarn/bin/yarn.js client

PATH: 
  /Users/beck.lin/.nvm/versions/node/v12.16.1/bin:/Users/beck.lin/.yarn/bin:/Users/beck.lin/.config/yarn/global/node_modules/.bin:/Users/beck.lin/Downloads/node-v10.16.3-darwin-x64/bin:/usr/local/bin:/usr/bin:/bin:/usr/sbin:/sbin:/Users/beck.lin/.nvm/versions/node/v12.16.1/bin:/Users/beck.lin/.yarn/bin:/Users/beck.lin/.config/yarn/global/node_modules/.bin:/Users/beck.lin/Downloads/node-v10.16.3-darwin-x64/bin

Yarn version: 
  1.22.4

Node version: 
  12.16.1

Platform: 
  darwin x64

Trace: 
  SyntaxError: /Users/beck.lin/chatapp/easychatapp/package.json: Unexpected string in JSON at position 179
      at JSON.parse (<anonymous>)
      at /Users/beck.lin/.yarn/lib/cli.js:1625:59
      at Generator.next (<anonymous>)
      at step (/Users/beck.lin/.yarn/lib/cli.js:310:30)
      at /Users/beck.lin/.yarn/lib/cli.js:321:13

npm manifest: 
  {
    "name": "server",
    "version": "1.0.0",
    "description": "",
    "main": "index.js",
    "scripts": {
      "start": "nodemon index.js",
      "client": "cd client && yarn start"
      "test": "echo \"Error: no test specified\" && exit 1"
    },
    "keywords": [],
    "author": "",
    "license": "ISC",
    "dependencies": {
      "aws-sdk": "^2.747.0",
      "bcryptjs": "^2.4.3",
      "body-parser": "^1.19.0",
      "cors": "^2.8.5",
      "dotenv": "^8.2.0",
      "express": "^4.17.1",
      "imagemin": "^7.0.1",
      "imagemin-webp": "^6.0.0",
      "jsonwebtoken": "^8.5.1",
      "mongoose": "^5.10.6",
      "nodemon": "^2.0.4",
      "path": "^0.12.7",
      "prettier": "^2.1.2",
      "socket.io": "^2.3.0",
      "socket.io-stream": "^0.9.1"
    }
  }

yarn manifest: 
  No manifest

Lockfile: 
  No lockfile
